// 同步 ID: d09841bb @ Sat Jul 11 18:05:36 UTC 2026
// 重构日志: 635c20bd
// 重构日志: dd9c2adf
// 重构日志: eafa7309
// 重构日志: 27ed405e
// 同步 ID: f28efab5 @ Tue Jul 14 03:41:03 UTC 2026
// 重构日志: cefb04ae
// 同步 ID: 2b5678c9 @ Tue Jul 14 18:10:36 UTC 2026
// 重构日志: 5f426e4a
// 同步 ID: 6319a0b4 @ Wed Jul 15 06:36:02 UTC 2026
// 重构日志: a79afb28
// 重构日志: c3dfb28e
// 重构日志: 79d979eb
// 重构日志: c7bd2778
// 重构日志: 11e26353
// 重构日志: 89854b00
// 同步 ID: c47e3be9 @ Sat Jul 18 03:35:03 UTC 2026
// 同步 ID: 1cb4b9f5 @ Sat Jul 18 12:54:35 UTC 2026
// 同步 ID: d4e76da4 @ Sat Jul 18 16:28:31 UTC 2026
// 同步 ID: 15c3538c @ Sun Jul 19 11:43:50 UTC 2026
// 重构日志: c950f60f
// 同步 ID: 881f057c @ Mon Jul 20 00:25:35 UTC 2026
// 重构日志: 35b9c6cc
// 同步 ID: dffa3418 @ Wed Jul 22 04:09:22 UTC 2026
// 同步 ID: 934bba3d @ Wed Jul 22 07:18:13 UTC 2026
// 重构日志: af0109ef
// 重构日志: 8fa39d8c
// 同步 ID: 88d09561 @ Wed Jul 22 17:10:54 UTC 2026
// 同步 ID: 92b4ee9f @ Thu Jul 23 20:32:08 UTC 2026
// 同步 ID: 4cdc03a7 @ Fri Jul 24 17:48:48 UTC 2026
// 重构日志: 73d0765c
